/home/faruk/.rvm/gems/ruby-1.9.3-p125/gems/railties-3.2.11/lib/rails/commands/runner.rb:53:in `eval': PG::Error: ERROR:  duplicate key value violates unique constraint "index_cars_on_vin" (ActiveRecord::RecordNotUnique)
DETAIL:  Key (vin)=(WME4513341K578520) already exists.
: INSERT INTO "cars" ("created_at", "engine_type", "exterior", "free", "fuel", "interior", "name", "updated_at", "vin") VALUES ($1, $2, $3, $4, $5, $6, $7, $8, $9) RETURNING "id"
	from /home/faruk/.rvm/gems/ruby-1.9.3-p125/gems/activerecord-3.2.11/lib/active_record/connection_adapters/postgresql_adapter.rb:1166:in `exec_cache'
	from /home/faruk/.rvm/gems/ruby-1.9.3-p125/gems/activerecord-3.2.11/lib/active_record/connection_adapters/postgresql_adapter.rb:663:in `block in exec_query'
	from /home/faruk/.rvm/gems/ruby-1.9.3-p125/gems/activerecord-3.2.11/lib/active_record/connection_adapters/abstract_adapter.rb:280:in `block in log'
	from /home/faruk/.rvm/gems/ruby-1.9.3-p125/gems/activesupport-3.2.11/lib/active_support/notifications/instrumenter.rb:20:in `instrument'
	from /home/faruk/.rvm/gems/ruby-1.9.3-p125/gems/activerecord-3.2.11/lib/active_record/connection_adapters/abstract_adapter.rb:275:in `log'
	from /home/faruk/.rvm/gems/ruby-1.9.3-p125/gems/activerecord-3.2.11/lib/active_record/connection_adapters/postgresql_adapter.rb:661:in `exec_query'
	from /home/faruk/.rvm/gems/ruby-1.9.3-p125/gems/activerecord-3.2.11/lib/active_record/connection_adapters/abstract/database_statements.rb:63:in `exec_insert'
	from /home/faruk/.rvm/gems/ruby-1.9.3-p125/gems/activerecord-3.2.11/lib/active_record/connection_adapters/abstract/database_statements.rb:90:in `insert'
	from /home/faruk/.rvm/gems/ruby-1.9.3-p125/gems/activerecord-3.2.11/lib/active_record/connection_adapters/abstract/query_cache.rb:14:in `insert'
	from /home/faruk/.rvm/gems/ruby-1.9.3-p125/gems/activerecord-3.2.11/lib/active_record/relation.rb:66:in `insert'
	from /home/faruk/.rvm/gems/ruby-1.9.3-p125/gems/activerecord-3.2.11/lib/active_record/persistence.rb:367:in `create'
	from /home/faruk/.rvm/gems/ruby-1.9.3-p125/gems/activerecord-3.2.11/lib/active_record/timestamp.rb:58:in `create'
	from /home/faruk/.rvm/gems/ruby-1.9.3-p125/gems/activerecord-3.2.11/lib/active_record/callbacks.rb:268:in `block in create'
	from /home/faruk/.rvm/gems/ruby-1.9.3-p125/gems/activesupport-3.2.11/lib/active_support/callbacks.rb:403:in `_run__84797104__create__47652751__callbacks'
	from /home/faruk/.rvm/gems/ruby-1.9.3-p125/gems/activesupport-3.2.11/lib/active_support/callbacks.rb:405:in `__run_callback'
	from /home/faruk/.rvm/gems/ruby-1.9.3-p125/gems/activesupport-3.2.11/lib/active_support/callbacks.rb:385:in `_run_create_callbacks'
	from /home/faruk/.rvm/gems/ruby-1.9.3-p125/gems/activesupport-3.2.11/lib/active_support/callbacks.rb:81:in `run_callbacks'
	from /home/faruk/.rvm/gems/ruby-1.9.3-p125/gems/activerecord-3.2.11/lib/active_record/callbacks.rb:268:in `create'
	from /home/faruk/.rvm/gems/ruby-1.9.3-p125/gems/activerecord-3.2.11/lib/active_record/persistence.rb:348:in `create_or_update'
	from /home/faruk/.rvm/gems/ruby-1.9.3-p125/gems/activerecord-3.2.11/lib/active_record/callbacks.rb:264:in `block in create_or_update'
	from /home/faruk/.rvm/gems/ruby-1.9.3-p125/gems/activesupport-3.2.11/lib/active_support/callbacks.rb:403:in `_run__84797104__save__47652751__callbacks'
	from /home/faruk/.rvm/gems/ruby-1.9.3-p125/gems/activesupport-3.2.11/lib/active_support/callbacks.rb:405:in `__run_callback'
	from /home/faruk/.rvm/gems/ruby-1.9.3-p125/gems/activesupport-3.2.11/lib/active_support/callbacks.rb:385:in `_run_save_callbacks'
	from /home/faruk/.rvm/gems/ruby-1.9.3-p125/gems/activesupport-3.2.11/lib/active_support/callbacks.rb:81:in `run_callbacks'
	from /home/faruk/.rvm/gems/ruby-1.9.3-p125/gems/activerecord-3.2.11/lib/active_record/callbacks.rb:264:in `create_or_update'
	from /home/faruk/.rvm/gems/ruby-1.9.3-p125/gems/activerecord-3.2.11/lib/active_record/persistence.rb:84:in `save'
	from /home/faruk/.rvm/gems/ruby-1.9.3-p125/gems/activerecord-3.2.11/lib/active_record/validations.rb:50:in `save'
	from /home/faruk/.rvm/gems/ruby-1.9.3-p125/gems/activerecord-3.2.11/lib/active_record/attribute_methods/dirty.rb:22:in `save'
	from /home/faruk/.rvm/gems/ruby-1.9.3-p125/gems/activerecord-3.2.11/lib/active_record/transactions.rb:259:in `block (2 levels) in save'
	from /home/faruk/.rvm/gems/ruby-1.9.3-p125/gems/activerecord-3.2.11/lib/active_record/transactions.rb:313:in `block in with_transaction_returning_status'
	from /home/faruk/.rvm/gems/ruby-1.9.3-p125/gems/activerecord-3.2.11/lib/active_record/connection_adapters/abstract/database_statements.rb:192:in `transaction'
	from /home/faruk/.rvm/gems/ruby-1.9.3-p125/gems/activerecord-3.2.11/lib/active_record/transactions.rb:208:in `transaction'
	from /home/faruk/.rvm/gems/ruby-1.9.3-p125/gems/activerecord-3.2.11/lib/active_record/transactions.rb:311:in `with_transaction_returning_status'
	from /home/faruk/.rvm/gems/ruby-1.9.3-p125/gems/activerecord-3.2.11/lib/active_record/transactions.rb:259:in `block in save'
	from /home/faruk/.rvm/gems/ruby-1.9.3-p125/gems/activerecord-3.2.11/lib/active_record/transactions.rb:270:in `rollback_active_record_state!'
	from /home/faruk/.rvm/gems/ruby-1.9.3-p125/gems/activerecord-3.2.11/lib/active_record/transactions.rb:258:in `save'
	from /home/faruk/.rvm/gems/ruby-1.9.3-p125/gems/activerecord-3.2.11/lib/active_record/persistence.rb:45:in `create'
	from /home/faruk/Dropbox/Rails_Workspace/car4now/app/models/car.rb:105:in `block in update_db_with_new_json_response'
	from /home/faruk/Dropbox/Rails_Workspace/car4now/app/models/car.rb:94:in `each'
	from /home/faruk/Dropbox/Rails_Workspace/car4now/app/models/car.rb:94:in `update_db_with_new_json_response'
	from /home/faruk/Dropbox/Rails_Workspace/car4now/app/models/car.rb:81:in `parse_or_load_cars_and_update_db'
	from (eval):1:in `<top (required)>'
	from /home/faruk/.rvm/gems/ruby-1.9.3-p125/gems/railties-3.2.11/lib/rails/commands/runner.rb:53:in `eval'
	from /home/faruk/.rvm/gems/ruby-1.9.3-p125/gems/railties-3.2.11/lib/rails/commands/runner.rb:53:in `<top (required)>'
	from /home/faruk/.rvm/gems/ruby-1.9.3-p125/gems/railties-3.2.11/lib/rails/commands.rb:64:in `require'
	from /home/faruk/.rvm/gems/ruby-1.9.3-p125/gems/railties-3.2.11/lib/rails/commands.rb:64:in `<top (required)>'
	from script/rails:6:in `require'
	from script/rails:6:in `<main>'
